<?xml version="1.0" encoding="UTF-8"?>
<!-- Generated by org.testng.reporters.JUnitXMLReporter -->
<testsuite ignored="0" hostname="LAPTOP-C2IN588P" failures="0" tests="4" name="Default test" time="0.196" errors="0" timestamp="2025-02-22T10:23:56 IST">
  <testcase classname="com.example.test.day9" name="loginTest" time="0.007"/>
  <testcase classname="com.example.test.day9" name="loginTest" time="0.003"/>
  <testcase classname="com.example.test.day9" name="loginTest" time="0.008"/>
  <testcase classname="com.example.test.day9" name="loginTest" time="0.003"/>
</testsuite> <!-- Default test -->
