<?xml version="1.0" encoding="UTF-8"?>
<!-- Generated by org.testng.reporters.JUnitXMLReporter -->
<testsuite ignored="4" hostname="LAPTOP-C2IN588P" failures="0" tests="4" name="Test" time="0.104" errors="0" timestamp="2025-02-17T20:23:47 IST">
  <testcase classname="com.example.test.day3" name="testThree" time="0.007"/>
  <testcase classname="com.example.test.day3a" name="testSix" time="0.001"/>
  <testcase classname="com.example.test.day3b" name="testEight" time="0.001"/>
  <testcase classname="com.example.test.day3b" name="testNine" time="0.002"/>
  <testcase classname="com.example.test.day3a" name="testFive" time="0.0">
    <ignored/>
  </testcase> <!-- testFive -->
  <testcase classname="com.example.test.day3b" name="testSeven" time="0.0">
    <ignored/>
  </testcase> <!-- testSeven -->
  <testcase classname="com.example.test.day3" name="testOne" time="0.0">
    <ignored/>
  </testcase> <!-- testOne -->
  <testcase classname="com.example.test.day3" name="testTwo" time="0.0">
    <ignored/>
  </testcase> <!-- testTwo -->
</testsuite> <!-- Test -->
