<?xml version="1.0" encoding="UTF-8"?>
<testng-results ignored="0" total="3" passed="3" failed="0" skipped="0">
  <reporter-output>
  </reporter-output>
  <suite started-at="2025-02-18T20:26:39 IST" name="Suite" finished-at="2025-02-18T20:26:39 IST" duration-ms="95">
    <groups>
    </groups>
    <test started-at="2025-02-18T20:26:39 IST" name="Test" finished-at="2025-02-18T20:26:39 IST" duration-ms="95">
      <class name="com.example.test.day4B">
        <test-method signature="TestCaseC()[pri:-1, instance:com.example.test.day4B@1ffaf86]" started-at="2025-02-18T20:26:39 IST" name="TestCaseC" finished-at="2025-02-18T20:26:39 IST" duration-ms="7" status="PASS">
          <reporter-output>
          </reporter-output>
        </test-method> <!-- TestCaseC -->
        <test-method signature="TestCaseB()[pri:0, instance:com.example.test.day4B@1ffaf86]" started-at="2025-02-18T20:26:39 IST" name="TestCaseB" finished-at="2025-02-18T20:26:39 IST" duration-ms="8" status="PASS">
          <reporter-output>
          </reporter-output>
        </test-method> <!-- TestCaseB -->
        <test-method signature="TestCaseA(java.lang.String,java.lang.String)[pri:1, instance:com.example.test.day4B@1ffaf86]" started-at="2025-02-18T20:26:39 IST" name="TestCaseA" finished-at="2025-02-18T20:26:39 IST" duration-ms="2" status="PASS">
          <params>
            <param index="0">
              <value>
                <![CDATA[chinmay]]>
              </value>
            </param>
            <param index="1">
              <value>
                <![CDATA[admin123]]>
              </value>
            </param>
          </params>
          <reporter-output>
          </reporter-output>
        </test-method> <!-- TestCaseA -->
      </class> <!-- com.example.test.day4B -->
    </test> <!-- Test -->
  </suite> <!-- Suite -->
</testng-results>
