<?xml version="1.0" encoding="UTF-8"?>
<testng-results ignored="0" total="4" passed="4" failed="0" skipped="0">
  <reporter-output>
  </reporter-output>
  <suite started-at="2025-02-22T10:23:56 IST" name="Default suite" finished-at="2025-02-22T10:23:56 IST" duration-ms="196">
    <groups>
    </groups>
    <test started-at="2025-02-22T10:23:56 IST" name="Default test" finished-at="2025-02-22T10:23:56 IST" duration-ms="196">
      <class name="com.example.test.day9">
        <test-method signature="loginTest(java.lang.String,java.lang.String)[pri:0, instance:com.example.test.day9@f78a47e]" started-at="2025-02-22T10:23:56 IST" name="loginTest" data-provider="logiData" finished-at="2025-02-22T10:23:56 IST" duration-ms="7" status="PASS">
          <params>
            <param index="0">
              <value>
                <![CDATA[standard_user]]>
              </value>
            </param>
            <param index="1">
              <value>
                <![CDATA[secret_sauce]]>
              </value>
            </param>
          </params>
          <reporter-output>
          </reporter-output>
        </test-method> <!-- loginTest -->
        <test-method signature="loginTest(java.lang.String,java.lang.String)[pri:0, instance:com.example.test.day9@f78a47e]" started-at="2025-02-22T10:23:56 IST" name="loginTest" data-provider="logiData" finished-at="2025-02-22T10:23:56 IST" duration-ms="3" status="PASS">
          <params>
            <param index="0">
              <value>
                <![CDATA[locked_out_user]]>
              </value>
            </param>
            <param index="1">
              <value>
                <![CDATA[secret_sauce]]>
              </value>
            </param>
          </params>
          <reporter-output>
          </reporter-output>
        </test-method> <!-- loginTest -->
        <test-method signature="loginTest(java.lang.String,java.lang.String)[pri:0, instance:com.example.test.day9@f78a47e]" started-at="2025-02-22T10:23:56 IST" name="loginTest" data-provider="logiData" finished-at="2025-02-22T10:23:56 IST" duration-ms="8" status="PASS">
          <params>
            <param index="0">
              <value>
                <![CDATA[problem_user]]>
              </value>
            </param>
            <param index="1">
              <value>
                <![CDATA[secret_sauce]]>
              </value>
            </param>
          </params>
          <reporter-output>
          </reporter-output>
        </test-method> <!-- loginTest -->
        <test-method signature="loginTest(java.lang.String,java.lang.String)[pri:0, instance:com.example.test.day9@f78a47e]" started-at="2025-02-22T10:23:56 IST" name="loginTest" data-provider="logiData" finished-at="2025-02-22T10:23:56 IST" duration-ms="3" status="PASS">
          <params>
            <param index="0">
              <value>
                <![CDATA[performance_glitch_user]]>
              </value>
            </param>
            <param index="1">
              <value>
                <![CDATA[secret_sauce]]>
              </value>
            </param>
          </params>
          <reporter-output>
          </reporter-output>
        </test-method> <!-- loginTest -->
      </class> <!-- com.example.test.day9 -->
    </test> <!-- Default test -->
  </suite> <!-- Default suite -->
</testng-results>
